<?xml version="1.0" encoding="UTF-8"?>
<!-- Generated by org.testng.reporters.JUnitXMLReporter -->
<testsuite hostname="186590d671cb.ant.amazon.com" ignored="0" name="automationframeworktest" tests="1" failures="1" timestamp="17 Nov 2019 09:07:12 GMT" time="2.137" errors="0">
  <testcase name="loginTest" time="0.013" classname="com.automationFramework.testCases.TC_loginTest_001">
    <failure type="java.lang.NullPointerException">
      <![CDATA[java.lang.NullPointerException
at com.automationFramework.testCases.TC_loginTest_001.loginTest(TC_loginTest_001.java:12)
... Removed 25 stack frames]]>
    </failure>
  </testcase> <!-- loginTest -->
</testsuite> <!-- automationframeworktest -->
