-------------------------------------------------------------------------------
Test set: TestSuite
-------------------------------------------------------------------------------
Tests run: 1, Failures: 1, Errors: 0, Skipped: 0, Time elapsed: 3.107 s <<< FAILURE! - in TestSuite
com.automationFramework.testCases.TC_loginTest_001.loginTest  Time elapsed: 0.033 s  <<< FAILURE!
java.lang.NullPointerException
	at com.automationFramework.testCases.TC_loginTest_001.loginTest(TC_loginTest_001.java:14)

